# JRE version: OpenJDK Runtime Environment Microsoft-13877129 (17.0.19+10) (build 17.0.19+10-LTS)
# Java VM: OpenJDK 64-Bit Server VM Microsoft-13877129 (17.0.19+10-LTS, mixed mode, sharing, tiered, compressed oops, compressed class ptrs, g1 gc, windows-amd64)
GC Precious Log:
 CPUs: 20 total, 20 available
 Memory: 12063M
 Large Page Support: Disabled
 NUMA Support: Disabled
 Compressed Oops: Enabled (32-bit)
 Heap Region Size: 1M
 Heap Min Capacity: 8M
 Heap Initial Capacity: 190M
 Heap Max Capacity: 2G
 Pre-touch: Disabled
 Parallel Workers: 15
 Concurrent Workers: 4
 Concurrent Refinement Workers: 15
 Periodic GC: Disabled
Heap:
 garbage-first heap   total 98304K, used 75258K [0x0000000080000000, 0x0000000100000000)
  region size 1024K, 31 young (31744K), 1 survivors (1024K)
 Metaspace       used 47141K, committed 47680K, reserved 491520K
  class space    used 6550K, committed 6784K, reserved 425984K
GC Heap History (20 events):
Event: 0.668 GC heap before
{Heap before GC invocations=0 (full 0):
 garbage-first heap   total 194560K, used 26624K [0x0000000080000000, 0x0000000100000000)
  region size 1024K, 23 young (23552K), 0 survivors (0K)
 Metaspace       used 3033K, committed 3200K, reserved 491520K
  class space    used 379K, committed 448K, reserved 425984K
}
Event: 0.673 GC heap after
{Heap after GC invocations=1 (full 0):
 garbage-first heap   total 194560K, used 10510K [0x0000000080000000, 0x0000000100000000)
  region size 1024K, 3 young (3072K), 3 survivors (3072K)
 Metaspace       used 3033K, committed 3200K, reserved 491520K
  class space    used 379K, committed 448K, reserved 425984K
}
Event: 1.045 GC heap before
{Heap before GC invocations=1 (full 0):
 garbage-first heap   total 194560K, used 39182K [0x0000000080000000, 0x0000000100000000)
  region size 1024K, 31 young (31744K), 3 survivors (3072K)
 Metaspace       used 3967K, committed 4160K, reserved 491520K
  class space    used 475K, committed 576K, reserved 425984K
}
Event: 1.050 GC heap after
{Heap after GC invocations=2 (full 0):
 garbage-first heap   total 194560K, used 13423K [0x0000000080000000, 0x0000000100000000)
  region size 1024K, 3 young (3072K), 3 survivors (3072K)
 Metaspace       used 3967K, committed 4160K, reserved 491520K
  class space    used 475K, committed 576K, reserved 425984K
}
Event: 3.401 GC heap before
{Heap before GC invocations=2 (full 0):
 garbage-first heap   total 194560K, used 118895K [0x0000000080000000, 0x0000000100000000)
  region size 1024K, 107 young (109568K), 3 survivors (3072K)
 Metaspace       used 21256K, committed 21504K, reserved 491520K
  class space    used 3124K, committed 3264K, reserved 425984K
}
Event: 3.408 GC heap after
{Heap after GC invocations=3 (full 0):
 garbage-first heap   total 194560K, used 22347K [0x0000000080000000, 0x0000000100000000)
  region size 1024K, 12 young (12288K), 12 survivors (12288K)
 Metaspace       used 21256K, committed 21504K, reserved 491520K
  class space    used 3124K, committed 3264K, reserved 425984K
}
Event: 3.981 GC heap before
{Heap before GC invocations=4 (full 0):
 garbage-first heap   total 81920K, used 59211K [0x0000000080000000, 0x0000000100000000)
  region size 1024K, 48 young (49152K), 12 survivors (12288K)
 Metaspace       used 28904K, committed 29312K, reserved 491520K
  class space    used 4036K, committed 4224K, reserved 425984K
}
Event: 3.987 GC heap after
{Heap after GC invocations=5 (full 0):
 garbage-first heap   total 81920K, used 26471K [0x0000000080000000, 0x0000000100000000)
  region size 1024K, 5 young (5120K), 5 survivors (5120K)
 Metaspace       used 28904K, committed 29312K, reserved 491520K
  class space    used 4036K, committed 4224K, reserved 425984K
}
Event: 4.210 GC heap before
{Heap before GC invocations=5 (full 0):
 garbage-first heap   total 81920K, used 59239K [0x0000000080000000, 0x0000000100000000)
  region size 1024K, 35 young (35840K), 5 survivors (5120K)
 Metaspace       used 31447K, committed 31872K, reserved 491520K
  class space    used 4299K, committed 4480K, reserved 425984K
}
Event: 4.212 GC heap after
{Heap after GC invocations=6 (full 0):
 garbage-first heap   total 81920K, used 28371K [0x0000000080000000, 0x0000000100000000)
  region size 1024K, 3 young (3072K), 3 survivors (3072K)
 Metaspace       used 31447K, committed 31872K, reserved 491520K
  class space    used 4299K, committed 4480K, reserved 425984K
}
Event: 10.048 GC heap before
{Heap before GC invocations=6 (full 0):
 garbage-first heap   total 81920K, used 60115K [0x0000000080000000, 0x0000000100000000)
  region size 1024K, 34 young (34816K), 3 survivors (3072K)
 Metaspace       used 32654K, committed 33024K, reserved 491520K
  class space    used 4470K, committed 4608K, reserved 425984K
}
Event: 10.050 GC heap after
{Heap after GC invocations=7 (full 0):
 garbage-first heap   total 81920K, used 30548K [0x0000000080000000, 0x0000000100000000)
  region size 1024K, 5 young (5120K), 5 survivors (5120K)
 Metaspace       used 32654K, committed 33024K, reserved 491520K
  class space    used 4470K, committed 4608K, reserved 425984K
}
Event: 10.343 GC heap before
{Heap before GC invocations=7 (full 0):
 garbage-first heap   total 81920K, used 61268K [0x0000000080000000, 0x0000000100000000)
  region size 1024K, 35 young (35840K), 5 survivors (5120K)
 Metaspace       used 35602K, committed 36096K, reserved 491520K
  class space    used 4831K, committed 5056K, reserved 425984K
}
Event: 10.346 GC heap after
{Heap after GC invocations=8 (full 0):
 garbage-first heap   total 81920K, used 32603K [0x0000000080000000, 0x0000000100000000)
  region size 1024K, 5 young (5120K), 5 survivors (5120K)
 Metaspace       used 35602K, committed 36096K, reserved 491520K
  class space    used 4831K, committed 5056K, reserved 425984K
}
Event: 10.353 GC heap before
{Heap before GC invocations=8 (full 0):
 garbage-first heap   total 81920K, used 32603K [0x0000000080000000, 0x0000000100000000)
  region size 1024K, 6 young (6144K), 5 survivors (5120K)
 Metaspace       used 35655K, committed 36096K, reserved 491520K
  class space    used 4844K, committed 5056K, reserved 425984K
}
Event: 10.355 GC heap after
{Heap after GC invocations=9 (full 0):
 garbage-first heap   total 81920K, used 32779K [0x0000000080000000, 0x0000000100000000)
  region size 1024K, 3 young (3072K), 3 survivors (3072K)
 Metaspace       used 35655K, committed 36096K, reserved 491520K
  class space    used 4844K, committed 5056K, reserved 425984K
}
Event: 11.206 GC heap before
{Heap before GC invocations=10 (full 0):
 garbage-first heap   total 81920K, used 60427K [0x0000000080000000, 0x0000000100000000)
  region size 1024K, 31 young (31744K), 3 survivors (3072K)
 Metaspace       used 38821K, committed 39296K, reserved 491520K
  class space    used 5382K, committed 5632K, reserved 425984K
}
Event: 11.209 GC heap after
{Heap after GC invocations=11 (full 0):
 garbage-first heap   total 98304K, used 34019K [0x0000000080000000, 0x0000000100000000)
  region size 1024K, 4 young (4096K), 4 survivors (4096K)
 Metaspace       used 38821K, committed 39296K, reserved 491520K
  class space    used 5382K, committed 5632K, reserved 425984K
}
Event: 11.906 GC heap before
{Heap before GC invocations=11 (full 0):
 garbage-first heap   total 98304K, used 81123K [0x0000000080000000, 0x0000000100000000)
  region size 1024K, 44 young (45056K), 4 survivors (4096K)
 Metaspace       used 42618K, committed 43200K, reserved 491520K
  class space    used 5919K, committed 6208K, reserved 425984K
}
Event: 11.910 GC heap after
{Heap after GC invocations=12 (full 0):
 garbage-first heap   total 98304K, used 44538K [0x0000000080000000, 0x0000000100000000)
  region size 1024K, 6 young (6144K), 6 survivors (6144K)
 Metaspace       used 42618K, committed 43200K, reserved 491520K
  class space    used 5919K, committed 6208K, reserved 425984K
}

